2018-10-10 16:16:09,075 0      [           main] INFO  ClassPathXmlApplicationContext  - Refreshing org.springframework.context.support.ClassPathXmlApplicationContext@2667f029: startup date [Wed Oct 10 16:16:09 CST 2018]; root of context hierarchy
2018-10-10 16:16:09,281 206    [           main] INFO  ry.xml.XmlBeanDefinitionReader  - Loading XML bean definitions from class path resource [applicationContext.xml]
2018-10-10 16:16:26,774 0      [           main] INFO  ClassPathXmlApplicationContext  - Refreshing org.springframework.context.support.ClassPathXmlApplicationContext@2667f029: startup date [Wed Oct 10 16:16:26 CST 2018]; root of context hierarchy
2018-10-10 16:16:26,896 122    [           main] INFO  ry.xml.XmlBeanDefinitionReader  - Loading XML bean definitions from class path resource [applicationContext.xml]
2018-10-10 16:17:51,218 0      [           main] INFO  ClassPathXmlApplicationContext  - Refreshing org.springframework.context.support.ClassPathXmlApplicationContext@2667f029: startup date [Wed Oct 10 16:17:51 CST 2018]; root of context hierarchy
2018-10-10 16:17:51,284 66     [           main] INFO  ry.xml.XmlBeanDefinitionReader  - Loading XML bean definitions from class path resource [applicationContext.xml]
2018-10-10 16:23:04,708 1      [           main] INFO  ClassPathXmlApplicationContext  - Refreshing org.springframework.context.support.ClassPathXmlApplicationContext@2e4b8173: startup date [Wed Oct 10 16:23:04 CST 2018]; root of context hierarchy
2018-10-10 16:23:04,759 52     [           main] INFO  ry.xml.XmlBeanDefinitionReader  - Loading XML bean definitions from class path resource [applicationContext.xml]
2018-10-10 16:23:30,977 0      [           main] INFO  ClassPathXmlApplicationContext  - Refreshing org.springframework.context.support.ClassPathXmlApplicationContext@2e4b8173: startup date [Wed Oct 10 16:23:30 CST 2018]; root of context hierarchy
2018-10-10 16:23:31,022 45     [           main] INFO  ry.xml.XmlBeanDefinitionReader  - Loading XML bean definitions from class path resource [applicationContext.xml]
2018-10-10 17:12:22,237 0      [           main] INFO  ClassPathXmlApplicationContext  - Refreshing org.springframework.context.support.ClassPathXmlApplicationContext@2e4b8173: startup date [Wed Oct 10 17:12:22 CST 2018]; root of context hierarchy
2018-10-10 17:12:22,291 54     [           main] INFO  ry.xml.XmlBeanDefinitionReader  - Loading XML bean definitions from class path resource [applicationContext.xml]
2018-10-10 17:12:22,621 384    [           main] WARN  ClassPathXmlApplicationContext  - Exception encountered during context initialization - cancelling refresh attempt: org.springframework.beans.factory.BeanCreationException: Error creating bean with name 'mapperScannerConfigurer' defined in class path resource [applicationContext.xml]: Cannot resolve reference to bean 'com.itheima.dao' while setting bean property 'basePackage'; nested exception is org.springframework.beans.factory.NoSuchBeanDefinitionException: No bean named 'com.itheima.dao' available
2018-10-10 17:16:26,893 0      [           main] INFO  ClassPathXmlApplicationContext  - Refreshing org.springframework.context.support.ClassPathXmlApplicationContext@2e4b8173: startup date [Wed Oct 10 17:16:26 CST 2018]; root of context hierarchy
2018-10-10 17:16:26,954 61     [           main] INFO  ry.xml.XmlBeanDefinitionReader  - Loading XML bean definitions from class path resource [applicationContext.xml]
2018-10-10 17:16:27,338 445    [           main] WARN  ClassPathXmlApplicationContext  - Exception encountered during context initialization - cancelling refresh attempt: org.springframework.beans.factory.BeanCreationException: Error creating bean with name 'mapperScannerConfigurer' defined in class path resource [applicationContext.xml]: Cannot resolve reference to bean 'com.itheima.dao' while setting bean property 'basePackage'; nested exception is org.springframework.beans.factory.NoSuchBeanDefinitionException: No bean named 'com.itheima.dao' available
2018-10-10 17:17:31,265 0      [           main] INFO  ClassPathXmlApplicationContext  - Refreshing org.springframework.context.support.ClassPathXmlApplicationContext@2e4b8173: startup date [Wed Oct 10 17:17:31 CST 2018]; root of context hierarchy
2018-10-10 17:17:31,330 65     [           main] INFO  ry.xml.XmlBeanDefinitionReader  - Loading XML bean definitions from class path resource [applicationContext.xml]
2018-10-10 17:17:31,723 458    [           main] WARN  ClassPathXmlApplicationContext  - Exception encountered during context initialization - cancelling refresh attempt: org.springframework.beans.factory.BeanCreationException: Error creating bean with name 'mapperScanner' defined in class path resource [applicationContext.xml]: Cannot resolve reference to bean 'com.itheima.dao' while setting bean property 'basePackage'; nested exception is org.springframework.beans.factory.NoSuchBeanDefinitionException: No bean named 'com.itheima.dao' available
2018-10-10 17:18:13,957 0      [           main] INFO  ClassPathXmlApplicationContext  - Refreshing org.springframework.context.support.ClassPathXmlApplicationContext@2e4b8173: startup date [Wed Oct 10 17:18:13 CST 2018]; root of context hierarchy
2018-10-10 17:18:14,003 46     [           main] INFO  ry.xml.XmlBeanDefinitionReader  - Loading XML bean definitions from class path resource [applicationContext.xml]
2018-10-10 17:18:14,295 338    [           main] WARN  ClassPathXmlApplicationContext  - Exception encountered during context initialization - cancelling refresh attempt: org.springframework.beans.factory.BeanCreationException: Error creating bean with name 'mapperScanner' defined in class path resource [applicationContext.xml]: Cannot resolve reference to bean 'com.itheima.dao' while setting bean property 'basePackage'; nested exception is org.springframework.beans.factory.NoSuchBeanDefinitionException: No bean named 'com.itheima.dao' available
